[1231/113504.833:ERROR:directory_reader_win.cc(43)] FindFirstFile: The system cannot find the path specified. (0x3)
[1231/144217.421:ERROR:process_reader_win.cc(151)] SuspendThread: Access is denied. (0x5)
[1231/144217.422:ERROR:process_reader_win.cc(123)] NtOpenThread: {Access Denied} A process has requested access to an object, but has not been granted those access rights. (0xc0000022)
[1231/144217.470:ERROR:exception_snapshot_win.cc(99)] thread ID 18596 not found in process
[1231/144217.458:ERROR:process_reader_win.cc(123)] NtOpenThread: {Access Denied} A process has requested access to an object, but has not been granted those access rights. (0xc0000022)
[1231/144217.471:ERROR:exception_snapshot_win.cc(99)] thread ID 25048 not found in process
[1231/144350.542:ERROR:process_reader_win.cc(151)] SuspendThread: Access is denied. (0x5)
[1231/144350.543:ERROR:process_reader_win.cc(151)] SuspendThread: Access is denied. (0x5)
[1231/144350.543:ERROR:process_reader_win.cc(123)] NtOpenThread: {Access Denied} A process has requested access to an object, but has not been granted those access rights. (0xc0000022)
[1231/144350.544:ERROR:exception_snapshot_win.cc(99)] thread ID 2960 not found in process
[1231/144350.572:ERROR:process_reader_win.cc(123)] NtOpenThread: {Access Denied} A process has requested access to an object, but has not been granted those access rights. (0xc0000022)
[1231/144350.573:ERROR:exception_snapshot_win.cc(99)] thread ID 14916 not found in process
[1231/150654.993:ERROR:process_reader_win.cc(151)] SuspendThread: Access is denied. (0x5)
[1231/150654.995:ERROR:process_reader_win.cc(123)] NtOpenThread: {Access Denied} A process has requested access to an object, but has not been granted those access rights. (0xc0000022)
[1231/150654.995:ERROR:exception_snapshot_win.cc(99)] thread ID 22220 not found in process
[1231/150655.019:ERROR:process_reader_win.cc(123)] NtOpenThread: {Access Denied} A process has requested access to an object, but has not been granted those access rights. (0xc0000022)
[1231/150655.019:ERROR:exception_snapshot_win.cc(99)] thread ID 276 not found in process
[1231/150655.027:ERROR:process_reader_win.cc(151)] SuspendThread: Access is denied. (0x5)
[1231/150655.027:ERROR:process_reader_win.cc(151)] SuspendThread: Access is denied. (0x5)
[1231/150655.027:ERROR:process_reader_win.cc(151)] SuspendThread: Access is denied. (0x5)
[1231/150655.027:ERROR:process_reader_win.cc(151)] SuspendThread: Access is denied. (0x5)
[1231/150655.028:ERROR:process_reader_win.cc(123)] NtOpenThread: {Access Denied} A process has requested access to an object, but has not been granted those access rights. (0xc0000022)
[1231/150655.028:ERROR:exception_snapshot_win.cc(99)] thread ID 11296 not found in process
[1231/170528.427:ERROR:process_reader_win.cc(151)] SuspendThread: Access is denied. (0x5)
[1231/170528.444:ERROR:process_reader_win.cc(123)] NtOpenThread: {Access Denied} A process has requested access to an object, but has not been granted those access rights. (0xc0000022)
[1231/170528.444:ERROR:exception_snapshot_win.cc(99)] thread ID 27096 not found in process
[1231/170528.461:ERROR:process_reader_win.cc(123)] NtOpenThread: {Access Denied} A process has requested access to an object, but has not been granted those access rights. (0xc0000022)
[1231/170528.461:ERROR:exception_snapshot_win.cc(99)] thread ID 27292 not found in process
[0103/115057.657:ERROR:process_reader_win.cc(151)] SuspendThread: Access is denied. (0x5)
[0103/115057.680:ERROR:process_reader_win.cc(123)] NtOpenThread: {Access Denied} A process has requested access to an object, but has not been granted those access rights. (0xc0000022)
[0103/115057.723:ERROR:exception_snapshot_win.cc(99)] thread ID 19144 not found in process
[0103/115057.692:ERROR:process_reader_win.cc(123)] NtOpenThread: {Access Denied} A process has requested access to an object, but has not been granted those access rights. (0xc0000022)
[0103/115057.726:ERROR:exception_snapshot_win.cc(99)] thread ID 10096 not found in process
[0105/120802.242:ERROR:process_reader_win.cc(151)] SuspendThread: Access is denied. (0x5)
[0105/120802.280:ERROR:process_reader_win.cc(123)] NtOpenThread: {Access Denied} A process has requested access to an object, but has not been granted those access rights. (0xc0000022)
[0105/120802.328:ERROR:exception_snapshot_win.cc(99)] thread ID 20840 not found in process
[0105/120802.281:ERROR:process_reader_win.cc(123)] NtOpenThread: {Access Denied} A process has requested access to an object, but has not been granted those access rights. (0xc0000022)
[0105/120802.331:ERROR:exception_snapshot_win.cc(99)] thread ID 11716 not found in process
[0113/170003.902:ERROR:process_reader_win.cc(123)] NtOpenThread: {Access Denied} A process has requested access to an object, but has not been granted those access rights. (0xc0000022)
[0113/170003.944:ERROR:process_reader_win.cc(123)] NtOpenThread: {Access Denied} A process has requested access to an object, but has not been granted those access rights. (0xc0000022)
[0113/170003.946:ERROR:exception_snapshot_win.cc(99)] thread ID 17336 not found in process
[0113/170003.946:ERROR:exception_snapshot_win.cc(99)] thread ID 11504 not found in process
[0113/181127.496:ERROR:process_reader_win.cc(151)] SuspendThread: Access is denied. (0x5)
[0113/181127.611:ERROR:process_reader_win.cc(151)] SuspendThread: Access is denied. (0x5)
[0113/181127.611:ERROR:process_reader_win.cc(123)] NtOpenThread: {Access Denied} A process has requested access to an object, but has not been granted those access rights. (0xc0000022)
[0113/181127.719:ERROR:exception_snapshot_win.cc(99)] thread ID 20156 not found in process
[0114/152747.636:ERROR:process_reader_win.cc(123)] NtOpenThread: {Access Denied} A process has requested access to an object, but has not been granted those access rights. (0xc0000022)
[0114/152747.669:ERROR:process_reader_win.cc(123)] NtOpenThread: {Access Denied} A process has requested access to an object, but has not been granted those access rights. (0xc0000022)
[0114/152747.693:ERROR:exception_snapshot_win.cc(99)] thread ID 12272 not found in process
[0114/152747.693:ERROR:exception_snapshot_win.cc(99)] thread ID 11224 not found in process
[0114/210701.165:ERROR:process_reader_win.cc(151)] SuspendThread: Access is denied. (0x5)
[0114/210701.222:ERROR:process_reader_win.cc(123)] NtOpenThread: {Access Denied} A process has requested access to an object, but has not been granted those access rights. (0xc0000022)
[0114/210701.189:ERROR:process_reader_win.cc(123)] NtOpenThread: {Access Denied} A process has requested access to an object, but has not been granted those access rights. (0xc0000022)
[0114/210701.309:ERROR:exception_snapshot_win.cc(99)] thread ID 21668 not found in process
[0114/210701.309:ERROR:exception_snapshot_win.cc(99)] thread ID 22044 not found in process
[0118/104814.910:ERROR:process_reader_win.cc(151)] SuspendThread: Access is denied. (0x5)
[0118/104815.270:ERROR:process_reader_win.cc(123)] NtOpenThread: An invalid Client ID was specified. (0xc000000b)
[0118/104815.270:ERROR:exception_snapshot_win.cc(99)] thread ID 4648 not found in process
[0118/104815.270:ERROR:scoped_process_suspend.cc(40)] NtResumeProcess: An attempt was made to access an exiting process. (0xc000010a)
[0119/173034.450:ERROR:process_reader_win.cc(151)] SuspendThread: Access is denied. (0x5)
[0119/173034.470:ERROR:process_reader_win.cc(123)] NtOpenThread: {Access Denied} A process has requested access to an object, but has not been granted those access rights. (0xc0000022)
[0119/173034.561:ERROR:exception_snapshot_win.cc(99)] thread ID 19680 not found in process
[0119/173034.561:ERROR:process_reader_win.cc(151)] SuspendThread: Access is denied. (0x5)
[0119/173034.561:ERROR:process_reader_win.cc(123)] NtOpenThread: {Access Denied} A process has requested access to an object, but has not been granted those access rights. (0xc0000022)
[0119/173034.562:ERROR:exception_snapshot_win.cc(99)] thread ID 20752 not found in process
